The system is: NetBSD - 4.0_BETA2 - i386
Determining if the C compiler is GNU succeeded with the following output:
# 1 "/usr/pkg/share/cmake-2.4/Modules/CMakeTestGNU.c"
# 1 "<built-in>"
# 1 "<command line>"
# 1 "/usr/pkg/share/cmake-2.4/Modules/CMakeTestGNU.c"

void THIS_IS_GNU();

Determining if the C compiler works passed with the following output:
/usr/pkg/bin/gmake -f CMakeFiles/cmTryCompileExec.dir/build.make CMakeFiles/cmTryCompileExec.dir/build
gmake[1]: Entering directory `/home/alex/DEV/Workshop/C/DbgMem/build/CMakeFiles/CMakeTmp'
/usr/pkg/bin/cmake -E cmake_progress_report /home/alex/DEV/Workshop/C/DbgMem/build/CMakeFiles/CMakeTmp/CMakeFiles 1
Building C object CMakeFiles/cmTryCompileExec.dir/testCCompiler.o
/usr/bin/gcc   -o CMakeFiles/cmTryCompileExec.dir/testCCompiler.o   -c /home/alex/DEV/Workshop/C/DbgMem/build/CMakeFiles/CMakeTmp/testCCompiler.c
Linking C executable cmTryCompileExec
/usr/pkg/bin/cmake -P CMakeFiles/cmTryCompileExec.dir/cmake_clean_target.cmake
/usr/bin/gcc        -fPIC "CMakeFiles/cmTryCompileExec.dir/testCCompiler.o"   -o cmTryCompileExec  
gmake[1]: Leaving directory `/home/alex/DEV/Workshop/C/DbgMem/build/CMakeFiles/CMakeTmp'


Determining size of void* passed with the following output:
/usr/pkg/bin/gmake -f CMakeFiles/cmTryCompileExec.dir/build.make CMakeFiles/cmTryCompileExec.dir/build
gmake[1]: Entering directory `/home/alex/DEV/Workshop/C/DbgMem/build/CMakeFiles/CMakeTmp'
/usr/pkg/bin/cmake -E cmake_progress_report /home/alex/DEV/Workshop/C/DbgMem/build/CMakeFiles/CMakeTmp/CMakeFiles 1
Building C object CMakeFiles/cmTryCompileExec.dir/CheckTypeSize.o
/usr/bin/gcc   -o CMakeFiles/cmTryCompileExec.dir/CheckTypeSize.o   -c /home/alex/DEV/Workshop/C/DbgMem/build/CMakeFiles/CMakeTmp/CheckTypeSize.c
Linking C executable cmTryCompileExec
/usr/pkg/bin/cmake -P CMakeFiles/cmTryCompileExec.dir/cmake_clean_target.cmake
/usr/bin/gcc        -fPIC "CMakeFiles/cmTryCompileExec.dir/CheckTypeSize.o"   -o cmTryCompileExec  
gmake[1]: Leaving directory `/home/alex/DEV/Workshop/C/DbgMem/build/CMakeFiles/CMakeTmp'


The system is: NetBSD - 4.0_BETA2 - i386
Determining if the C compiler is GNU succeeded with the following output:
# 1 "/usr/pkg/share/cmake-2.4/Modules/CMakeTestGNU.c"
# 1 "<built-in>"
# 1 "<command line>"
# 1 "/usr/pkg/share/cmake-2.4/Modules/CMakeTestGNU.c"

void THIS_IS_GNU();

Determining if the C compiler works passed with the following output:
/usr/pkg/bin/gmake -f CMakeFiles/cmTryCompileExec.dir/build.make CMakeFiles/cmTryCompileExec.dir/build
gmake[1]: Entering directory `/home/alex/DEV/Workshop/C/DbgMem/build/CMakeFiles/CMakeTmp'
/usr/pkg/bin/cmake -E cmake_progress_report /home/alex/DEV/Workshop/C/DbgMem/build/CMakeFiles/CMakeTmp/CMakeFiles 1
Building C object CMakeFiles/cmTryCompileExec.dir/testCCompiler.o
/usr/bin/gcc   -o CMakeFiles/cmTryCompileExec.dir/testCCompiler.o   -c /home/alex/DEV/Workshop/C/DbgMem/build/CMakeFiles/CMakeTmp/testCCompiler.c
Linking C executable cmTryCompileExec
/usr/pkg/bin/cmake -P CMakeFiles/cmTryCompileExec.dir/cmake_clean_target.cmake
/usr/bin/gcc        -fPIC "CMakeFiles/cmTryCompileExec.dir/testCCompiler.o"   -o cmTryCompileExec  
gmake[1]: Leaving directory `/home/alex/DEV/Workshop/C/DbgMem/build/CMakeFiles/CMakeTmp'


Determining size of void* passed with the following output:
/usr/pkg/bin/gmake -f CMakeFiles/cmTryCompileExec.dir/build.make CMakeFiles/cmTryCompileExec.dir/build
gmake[1]: Entering directory `/home/alex/DEV/Workshop/C/DbgMem/build/CMakeFiles/CMakeTmp'
/usr/pkg/bin/cmake -E cmake_progress_report /home/alex/DEV/Workshop/C/DbgMem/build/CMakeFiles/CMakeTmp/CMakeFiles 1
Building C object CMakeFiles/cmTryCompileExec.dir/CheckTypeSize.o
/usr/bin/gcc   -o CMakeFiles/cmTryCompileExec.dir/CheckTypeSize.o   -c /home/alex/DEV/Workshop/C/DbgMem/build/CMakeFiles/CMakeTmp/CheckTypeSize.c
Linking C executable cmTryCompileExec
/usr/pkg/bin/cmake -P CMakeFiles/cmTryCompileExec.dir/cmake_clean_target.cmake
/usr/bin/gcc        -fPIC "CMakeFiles/cmTryCompileExec.dir/CheckTypeSize.o"   -o cmTryCompileExec  
gmake[1]: Leaving directory `/home/alex/DEV/Workshop/C/DbgMem/build/CMakeFiles/CMakeTmp'


